events.js:167
      throw er; // Unhandled 'error' event
      ^

Error: listen EADDRINUSE :::4200
    at Server.setupListenHandle [as _listen2] (net.js:1336:14)
    at listenInCluster (net.js:1384:12)
    at Server.listen (net.js:1471:7)
    at Function.listen (C:\Users\VNC\Desktop\udbhava- (2)\27-12-18\git-hub-ui\udbhava-fe\node_modules\express\lib\application.js:618:24)
    at Object.<anonymous> (C:\Users\VNC\Desktop\udbhava- (2)\27-12-18\git-hub-ui\udbhava-fe\server.js:14:5)
    at Module._compile (internal/modules/cjs/loader.js:689:30)
    at Object.Module._extensions..js (internal/modules/cjs/loader.js:700:10)
    at Module.load (internal/modules/cjs/loader.js:599:32)
    at tryModuleLoad (internal/modules/cjs/loader.js:538:12)
    at Function.Module._load (internal/modules/cjs/loader.js:530:3)
Emitted 'error' event at:
    at emitErrorNT (net.js:1363:8)
    at process._tickCallback (internal/process/next_tick.js:63:19)
    at Function.Module.runMain (internal/modules/cjs/loader.js:745:11)
    at startup (internal/bootstrap/node.js:266:19)
    at bootstrapNodeJSCore (internal/bootstrap/node.js:596:3)
events.js:167
      throw er; // Unhandled 'error' event
      ^

Error: listen EADDRINUSE :::4200
    at Server.setupListenHandle [as _listen2] (net.js:1336:14)
    at listenInCluster (net.js:1384:12)
    at Server.listen (net.js:1471:7)
    at Function.listen (C:\Users\VNC\Desktop\udbhava- (2)\27-12-18\git-hub-ui\udbhava-fe\node_modules\express\lib\application.js:618:24)
    at Object.<anonymous> (C:\Users\VNC\Desktop\udbhava- (2)\27-12-18\git-hub-ui\udbhava-fe\server.js:14:5)
    at Module._compile (internal/modules/cjs/loader.js:689:30)
    at Object.Module._extensions..js (internal/modules/cjs/loader.js:700:10)
    at Module.load (internal/modules/cjs/loader.js:599:32)
    at tryModuleLoad (internal/modules/cjs/loader.js:538:12)
    at Function.Module._load (internal/modules/cjs/loader.js:530:3)
Emitted 'error' event at:
    at emitErrorNT (net.js:1363:8)
    at process._tickCallback (internal/process/next_tick.js:63:19)
    at Function.Module.runMain (internal/modules/cjs/loader.js:745:11)
    at startup (internal/bootstrap/node.js:266:19)
    at bootstrapNodeJSCore (internal/bootstrap/node.js:596:3)
events.js:167
      throw er; // Unhandled 'error' event
      ^

Error: listen EADDRINUSE :::4200
    at Server.setupListenHandle [as _listen2] (net.js:1336:14)
    at listenInCluster (net.js:1384:12)
    at Server.listen (net.js:1471:7)
    at Function.listen (C:\Users\VNC\Desktop\udbhava- (2)\27-12-18\git-hub-ui\udbhava-fe\node_modules\express\lib\application.js:618:24)
    at Object.<anonymous> (C:\Users\VNC\Desktop\udbhava- (2)\27-12-18\git-hub-ui\udbhava-fe\server.js:14:5)
    at Module._compile (internal/modules/cjs/loader.js:689:30)
    at Object.Module._extensions..js (internal/modules/cjs/loader.js:700:10)
    at Module.load (internal/modules/cjs/loader.js:599:32)
    at tryModuleLoad (internal/modules/cjs/loader.js:538:12)
    at Function.Module._load (internal/modules/cjs/loader.js:530:3)
Emitted 'error' event at:
    at emitErrorNT (net.js:1363:8)
    at process._tickCallback (internal/process/next_tick.js:63:19)
    at Function.Module.runMain (internal/modules/cjs/loader.js:745:11)
    at startup (internal/bootstrap/node.js:266:19)
    at bootstrapNodeJSCore (internal/bootstrap/node.js:596:3)
C:\Users\VNC\Desktop\udbhava- (2)\27-12-18\git-hub-ui\udbhava-fe\node_modules\node-windows\lib\wrapper.js:177
    child.send('shutdown');
          ^

TypeError: Cannot read property 'send' of null
    at process.killkid (C:\Users\VNC\Desktop\udbhava- (2)\27-12-18\git-hub-ui\udbhava-fe\node_modules\node-windows\lib\wrapper.js:177:11)
    at process.emit (events.js:182:13)
    at process.exit (internal/process/per_thread.js:168:15)
    at monitor (C:\Users\VNC\Desktop\udbhava- (2)\27-12-18\git-hub-ui\udbhava-fe\node_modules\node-windows\lib\wrapper.js:99:17)
    at ChildProcess.<anonymous> (C:\Users\VNC\Desktop\udbhava- (2)\27-12-18\git-hub-ui\udbhava-fe\node_modules\node-windows\lib\wrapper.js:170:5)
    at ChildProcess.emit (events.js:182:13)
    at Process.ChildProcess._handle.onexit (internal/child_process.js:237:12)
